2023-12-23 17:03:14.429 +05:00 [Error] [Innoplatform.Api.Middlewares.ExceptionHandlerMiddleWare] [] AutoMapper.AutoMapperMappingException: Error mapping types.

Mapping types:
List`1 -> IEnumerable`1
System.Collections.Generic.List`1[[Innoplatform.Domain.Entities.Investments.Investment, Innoplatform.Domain, Version=1.0.0.0, Culture=neutral, PublicKeyToken=null]] -> System.Collections.Generic.IEnumerable`1[[Innoplatform.Service.DTOs.Investments.InvestmentForResultDto, Innoplatform.Service, Version=1.0.0.0, Culture=neutral, PublicKeyToken=null]]
 ---> AutoMapper.AutoMapperMappingException: Error mapping types.

Mapping types:
Investment -> InvestmentForResultDto
Innoplatform.Domain.Entities.Investments.Investment -> Innoplatform.Service.DTOs.Investments.InvestmentForResultDto

Type Map configuration:
Investment -> InvestmentForResultDto
Innoplatform.Domain.Entities.Investments.Investment -> Innoplatform.Service.DTOs.Investments.InvestmentForResultDto

Destination Member:
InvestmentArea

 ---> AutoMapper.AutoMapperMappingException: Missing type map configuration or unsupported mapping.

Mapping types:
InvestmentArea -> InvestmentForResultDto
Innoplatform.Domain.Entities.Investments.InvestmentArea -> Innoplatform.Service.DTOs.Investments.InvestmentForResultDto

Destination Member:
InvestmentArea

   at lambda_method51(Closure, InvestmentArea, InvestmentForResultDto, ResolutionContext)
   at lambda_method50(Closure, Object, IEnumerable`1, ResolutionContext)
   --- End of inner exception stack trace ---
   at lambda_method50(Closure, Object, IEnumerable`1, ResolutionContext)
   --- End of inner exception stack trace ---
   at lambda_method50(Closure, Object, IEnumerable`1, ResolutionContext)
   at Innoplatform.Service.Services.InvestmentServices.InvestmentService.GetAllAsync(PaginationParams params) in C:\Users\Hayotbahrom\Desktop\Pojects\Avalanche\Innoplatform\src\Innoplatform.Service\Services\InvestmentServices\InvestmentService.cs:line 59
   at Innoplatform.Api.Controllers.InvestmentControllers.InvestmentsController.GetAllAsync(PaginationParams params) in C:\Users\Hayotbahrom\Desktop\Pojects\Avalanche\Innoplatform\src\Innoplatform.Api\Controllers\InvestmentControllers\InvestmentsController.cs:line 22
   at Microsoft.AspNetCore.Mvc.Infrastructure.ActionMethodExecutor.TaskOfIActionResultExecutor.Execute(ActionContext actionContext, IActionResultTypeMapper mapper, ObjectMethodExecutor executor, Object controller, Object[] arguments)
   at Microsoft.AspNetCore.Mvc.Infrastructure.ControllerActionInvoker.<InvokeActionMethodAsync>g__Awaited|12_0(ControllerActionInvoker invoker, ValueTask`1 actionResultValueTask)
   at Microsoft.AspNetCore.Mvc.Infrastructure.ControllerActionInvoker.<InvokeNextActionFilterAsync>g__Awaited|10_0(ControllerActionInvoker invoker, Task lastTask, State next, Scope scope, Object state, Boolean isCompleted)
   at Microsoft.AspNetCore.Mvc.Infrastructure.ControllerActionInvoker.Rethrow(ActionExecutedContextSealed context)
   at Microsoft.AspNetCore.Mvc.Infrastructure.ControllerActionInvoker.Next(State& next, Scope& scope, Object& state, Boolean& isCompleted)
   at Microsoft.AspNetCore.Mvc.Infrastructure.ControllerActionInvoker.<InvokeInnerFilterAsync>g__Awaited|13_0(ControllerActionInvoker invoker, Task lastTask, State next, Scope scope, Object state, Boolean isCompleted)
   at Microsoft.AspNetCore.Mvc.Infrastructure.ResourceInvoker.<InvokeFilterPipelineAsync>g__Awaited|20_0(ResourceInvoker invoker, Task lastTask, State next, Scope scope, Object state, Boolean isCompleted)
   at Microsoft.AspNetCore.Mvc.Infrastructure.ResourceInvoker.<InvokeAsync>g__Awaited|17_0(ResourceInvoker invoker, Task task, IDisposable scope)
   at Microsoft.AspNetCore.Mvc.Infrastructure.ResourceInvoker.<InvokeAsync>g__Awaited|17_0(ResourceInvoker invoker, Task task, IDisposable scope)
   at Microsoft.AspNetCore.Routing.EndpointMiddleware.<Invoke>g__AwaitRequestTask|6_0(Endpoint endpoint, Task requestTask, ILogger logger)
   at Microsoft.AspNetCore.Authorization.AuthorizationMiddleware.Invoke(HttpContext context)
   at Innoplatform.Api.Middlewares.ExceptionHandlerMiddleWare.Invoke(HttpContext context) in C:\Users\Hayotbahrom\Desktop\Pojects\Avalanche\Innoplatform\src\Innoplatform.Api\Middlewares\ExceptionHandlerMiddleWare.cs:line 21




2023-12-23 17:03:25.658 +05:00 [Error] [Innoplatform.Api.Middlewares.ExceptionHandlerMiddleWare] [] AutoMapper.AutoMapperMappingException: Error mapping types.

Mapping types:
List`1 -> IEnumerable`1
System.Collections.Generic.List`1[[Innoplatform.Domain.Entities.Investments.Investment, Innoplatform.Domain, Version=1.0.0.0, Culture=neutral, PublicKeyToken=null]] -> System.Collections.Generic.IEnumerable`1[[Innoplatform.Service.DTOs.Investments.InvestmentForResultDto, Innoplatform.Service, Version=1.0.0.0, Culture=neutral, PublicKeyToken=null]]
 ---> AutoMapper.AutoMapperMappingException: Error mapping types.

Mapping types:
Investment -> InvestmentForResultDto
Innoplatform.Domain.Entities.Investments.Investment -> Innoplatform.Service.DTOs.Investments.InvestmentForResultDto

Type Map configuration:
Investment -> InvestmentForResultDto
Innoplatform.Domain.Entities.Investments.Investment -> Innoplatform.Service.DTOs.Investments.InvestmentForResultDto

Destination Member:
InvestmentArea

 ---> AutoMapper.AutoMapperMappingException: Missing type map configuration or unsupported mapping.

Mapping types:
InvestmentArea -> InvestmentForResultDto
Innoplatform.Domain.Entities.Investments.InvestmentArea -> Innoplatform.Service.DTOs.Investments.InvestmentForResultDto

Destination Member:
InvestmentArea

   at lambda_method51(Closure, InvestmentArea, InvestmentForResultDto, ResolutionContext)
   at lambda_method50(Closure, Object, IEnumerable`1, ResolutionContext)
   --- End of inner exception stack trace ---
   at lambda_method50(Closure, Object, IEnumerable`1, ResolutionContext)
   --- End of inner exception stack trace ---
   at lambda_method50(Closure, Object, IEnumerable`1, ResolutionContext)
   at Innoplatform.Service.Services.InvestmentServices.InvestmentService.GetAllAsync(PaginationParams params) in C:\Users\Hayotbahrom\Desktop\Pojects\Avalanche\Innoplatform\src\Innoplatform.Service\Services\InvestmentServices\InvestmentService.cs:line 59
   at Innoplatform.Api.Controllers.InvestmentControllers.InvestmentsController.GetAllAsync(PaginationParams params) in C:\Users\Hayotbahrom\Desktop\Pojects\Avalanche\Innoplatform\src\Innoplatform.Api\Controllers\InvestmentControllers\InvestmentsController.cs:line 22
   at Microsoft.AspNetCore.Mvc.Infrastructure.ActionMethodExecutor.TaskOfIActionResultExecutor.Execute(ActionContext actionContext, IActionResultTypeMapper mapper, ObjectMethodExecutor executor, Object controller, Object[] arguments)
   at Microsoft.AspNetCore.Mvc.Infrastructure.ControllerActionInvoker.<InvokeActionMethodAsync>g__Awaited|12_0(ControllerActionInvoker invoker, ValueTask`1 actionResultValueTask)
   at Microsoft.AspNetCore.Mvc.Infrastructure.ControllerActionInvoker.<InvokeNextActionFilterAsync>g__Awaited|10_0(ControllerActionInvoker invoker, Task lastTask, State next, Scope scope, Object state, Boolean isCompleted)
   at Microsoft.AspNetCore.Mvc.Infrastructure.ControllerActionInvoker.Rethrow(ActionExecutedContextSealed context)
   at Microsoft.AspNetCore.Mvc.Infrastructure.ControllerActionInvoker.Next(State& next, Scope& scope, Object& state, Boolean& isCompleted)
   at Microsoft.AspNetCore.Mvc.Infrastructure.ControllerActionInvoker.<InvokeInnerFilterAsync>g__Awaited|13_0(ControllerActionInvoker invoker, Task lastTask, State next, Scope scope, Object state, Boolean isCompleted)
   at Microsoft.AspNetCore.Mvc.Infrastructure.ResourceInvoker.<InvokeFilterPipelineAsync>g__Awaited|20_0(ResourceInvoker invoker, Task lastTask, State next, Scope scope, Object state, Boolean isCompleted)
   at Microsoft.AspNetCore.Mvc.Infrastructure.ResourceInvoker.<InvokeAsync>g__Awaited|17_0(ResourceInvoker invoker, Task task, IDisposable scope)
   at Microsoft.AspNetCore.Mvc.Infrastructure.ResourceInvoker.<InvokeAsync>g__Awaited|17_0(ResourceInvoker invoker, Task task, IDisposable scope)
   at Microsoft.AspNetCore.Routing.EndpointMiddleware.<Invoke>g__AwaitRequestTask|6_0(Endpoint endpoint, Task requestTask, ILogger logger)
   at Microsoft.AspNetCore.Authorization.AuthorizationMiddleware.Invoke(HttpContext context)
   at Innoplatform.Api.Middlewares.ExceptionHandlerMiddleWare.Invoke(HttpContext context) in C:\Users\Hayotbahrom\Desktop\Pojects\Avalanche\Innoplatform\src\Innoplatform.Api\Middlewares\ExceptionHandlerMiddleWare.cs:line 21




