2023-12-24 06:45:08.699 +05:00 [Error] [Innoplatform.Api.Middlewares.ExceptionHandlerMiddleWare] [] AutoMapper.AutoMapperMappingException: Error mapping types.

Mapping types:
OrganizationRegistrationForCreationDto -> OrganizationForCreationDto
Innoplatform.Service.DTOs.Registrations.OrganizationRegistrations.OrganizationRegistrationForCreationDto -> Innoplatform.Service.DTOs.Organizations.OrganizationForCreationDto

Type Map configuration:
OrganizationRegistrationForCreationDto -> OrganizationForCreationDto
Innoplatform.Service.DTOs.Registrations.OrganizationRegistrations.OrganizationRegistrationForCreationDto -> Innoplatform.Service.DTOs.Organizations.OrganizationForCreationDto

Destination Member:
ImagePath

 ---> AutoMapper.AutoMapperMappingException: Missing type map configuration or unsupported mapping.

Mapping types:
String -> IFormFile
System.String -> Microsoft.AspNetCore.Http.IFormFile

Destination Member:
ImagePath

   at lambda_method72(Closure, String, IFormFile, ResolutionContext)
   at lambda_method71(Closure, Object, OrganizationForCreationDto, ResolutionContext)
   --- End of inner exception stack trace ---
   at lambda_method71(Closure, Object, OrganizationForCreationDto, ResolutionContext)
   at Innoplatform.Service.Services.RegistrationServices.OrganizationRegistrationService.AddAsync(OrganizationRegistrationForCreationDto dto) in D:\Hakathon\Project Innoplatform\Innoplatform\src\Innoplatform.Service\Services\RegistrationServices\OrganizationRegistrationService.cs:line 74
   at Innoplatform.Api.Controllers.RegistrationControllers.OrganizationRegistrationController.PostAsync(OrganizationRegistrationForCreationDto dto) in D:\Hakathon\Project Innoplatform\Innoplatform\src\Innoplatform.Api\Controllers\RegistrationControllers\OrganizationRegistrationController.cs:line 22
   at Microsoft.AspNetCore.Mvc.Infrastructure.ActionMethodExecutor.TaskOfIActionResultExecutor.Execute(ActionContext actionContext, IActionResultTypeMapper mapper, ObjectMethodExecutor executor, Object controller, Object[] arguments)
   at Microsoft.AspNetCore.Mvc.Infrastructure.ControllerActionInvoker.<InvokeActionMethodAsync>g__Awaited|12_0(ControllerActionInvoker invoker, ValueTask`1 actionResultValueTask)
   at Microsoft.AspNetCore.Mvc.Infrastructure.ControllerActionInvoker.<InvokeNextActionFilterAsync>g__Awaited|10_0(ControllerActionInvoker invoker, Task lastTask, State next, Scope scope, Object state, Boolean isCompleted)
   at Microsoft.AspNetCore.Mvc.Infrastructure.ControllerActionInvoker.Rethrow(ActionExecutedContextSealed context)
   at Microsoft.AspNetCore.Mvc.Infrastructure.ControllerActionInvoker.Next(State& next, Scope& scope, Object& state, Boolean& isCompleted)
   at Microsoft.AspNetCore.Mvc.Infrastructure.ControllerActionInvoker.<InvokeInnerFilterAsync>g__Awaited|13_0(ControllerActionInvoker invoker, Task lastTask, State next, Scope scope, Object state, Boolean isCompleted)
   at Microsoft.AspNetCore.Mvc.Infrastructure.ResourceInvoker.<InvokeFilterPipelineAsync>g__Awaited|20_0(ResourceInvoker invoker, Task lastTask, State next, Scope scope, Object state, Boolean isCompleted)
   at Microsoft.AspNetCore.Mvc.Infrastructure.ResourceInvoker.<InvokeAsync>g__Awaited|17_0(ResourceInvoker invoker, Task task, IDisposable scope)
   at Microsoft.AspNetCore.Mvc.Infrastructure.ResourceInvoker.<InvokeAsync>g__Awaited|17_0(ResourceInvoker invoker, Task task, IDisposable scope)
   at Microsoft.AspNetCore.Routing.EndpointMiddleware.<Invoke>g__AwaitRequestTask|6_0(Endpoint endpoint, Task requestTask, ILogger logger)
   at Microsoft.AspNetCore.Authorization.AuthorizationMiddleware.Invoke(HttpContext context)
   at Innoplatform.Api.Middlewares.ExceptionHandlerMiddleWare.Invoke(HttpContext context) in D:\Hakathon\Project Innoplatform\Innoplatform\src\Innoplatform.Api\Middlewares\ExceptionHandlerMiddleWare.cs:line 21




