2023-12-24 06:27:10.369 +05:00 [Error] [Innoplatform.Api.Middlewares.ExceptionHandlerMiddleWare] [] Microsoft.EntityFrameworkCore.DbUpdateException: An error occurred while saving the entity changes. See the inner exception for details.
 ---> Npgsql.PostgresException (0x80004005): 23503: insert or update on table "ProjectInvestments" violates foreign key constraint "FK_ProjectInvestments_InvestmentAreas_InvestmentAreaId"

DETAIL: Detail redacted as it may contain sensitive data. Specify 'Include Error Detail' in the connection string to include this information.
   at Npgsql.Internal.NpgsqlConnector.<ReadMessage>g__ReadMessageLong|234_0(NpgsqlConnector connector, Boolean async, DataRowLoadingMode dataRowLoadingMode, Boolean readingNotifications, Boolean isReadingPrependedMessage)
   at Npgsql.NpgsqlDataReader.NextResult(Boolean async, Boolean isConsuming, CancellationToken cancellationToken)
   at Npgsql.NpgsqlDataReader.NextResult(Boolean async, Boolean isConsuming, CancellationToken cancellationToken)
   at Npgsql.NpgsqlCommand.ExecuteReader(CommandBehavior behavior, Boolean async, CancellationToken cancellationToken)
   at Npgsql.NpgsqlCommand.ExecuteReader(CommandBehavior behavior, Boolean async, CancellationToken cancellationToken)
   at Npgsql.NpgsqlCommand.ExecuteDbDataReaderAsync(CommandBehavior behavior, CancellationToken cancellationToken)
   at Microsoft.EntityFrameworkCore.Storage.RelationalCommand.ExecuteReaderAsync(RelationalCommandParameterObject parameterObject, CancellationToken cancellationToken)
   at Microsoft.EntityFrameworkCore.Storage.RelationalCommand.ExecuteReaderAsync(RelationalCommandParameterObject parameterObject, CancellationToken cancellationToken)
   at Microsoft.EntityFrameworkCore.Update.ReaderModificationCommandBatch.ExecuteAsync(IRelationalConnection connection, CancellationToken cancellationToken)
  Exception data:
    Severity: ERROR
    SqlState: 23503
    MessageText: insert or update on table "ProjectInvestments" violates foreign key constraint "FK_ProjectInvestments_InvestmentAreas_InvestmentAreaId"
    Detail: Detail redacted as it may contain sensitive data. Specify 'Include Error Detail' in the connection string to include this information.
    SchemaName: public
    TableName: ProjectInvestments
    ConstraintName: FK_ProjectInvestments_InvestmentAreas_InvestmentAreaId
    File: ri_triggers.c
    Line: 2619
    Routine: ri_ReportViolation
   --- End of inner exception stack trace ---
   at Microsoft.EntityFrameworkCore.Update.ReaderModificationCommandBatch.ExecuteAsync(IRelationalConnection connection, CancellationToken cancellationToken)
   at Microsoft.EntityFrameworkCore.Update.Internal.BatchExecutor.ExecuteAsync(IEnumerable`1 commandBatches, IRelationalConnection connection, CancellationToken cancellationToken)
   at Microsoft.EntityFrameworkCore.Update.Internal.BatchExecutor.ExecuteAsync(IEnumerable`1 commandBatches, IRelationalConnection connection, CancellationToken cancellationToken)
   at Microsoft.EntityFrameworkCore.Update.Internal.BatchExecutor.ExecuteAsync(IEnumerable`1 commandBatches, IRelationalConnection connection, CancellationToken cancellationToken)
   at Microsoft.EntityFrameworkCore.ChangeTracking.Internal.StateManager.SaveChangesAsync(IList`1 entriesToSave, CancellationToken cancellationToken)
   at Microsoft.EntityFrameworkCore.ChangeTracking.Internal.StateManager.SaveChangesAsync(StateManager stateManager, Boolean acceptAllChangesOnSuccess, CancellationToken cancellationToken)
   at Npgsql.EntityFrameworkCore.PostgreSQL.Storage.Internal.NpgsqlExecutionStrategy.ExecuteAsync[TState,TResult](TState state, Func`4 operation, Func`4 verifySucceeded, CancellationToken cancellationToken)
   at Microsoft.EntityFrameworkCore.DbContext.SaveChangesAsync(Boolean acceptAllChangesOnSuccess, CancellationToken cancellationToken)
   at Microsoft.EntityFrameworkCore.DbContext.SaveChangesAsync(Boolean acceptAllChangesOnSuccess, CancellationToken cancellationToken)
   at Innoplatform.Data.Repositories.Repository`1.CreateAsync(TEntity entity) in C:\Users\sardorbek\Desktop\Hackaton\Innoplatform\src\Innoplatform.Api\Repositories\Repository.cs:line 20
   at Innoplatform.Service.Services.ProjectServices.ProjectInvestmentService.AddAsync(ProjectInvestmentForCreationDto dto) in C:\Users\sardorbek\Desktop\Hackaton\Innoplatform\src\Innoplatform.Service\Services\ProjectServices\ProjectInvestmentService.cs:line 93
   at Innoplatform.Api.Controllers.ProjectControllers.ProjectInvestmentController.PostAsync(ProjectInvestmentForCreationDto dto) in C:\Users\sardorbek\Desktop\Hackaton\Innoplatform\src\Innoplatform.Api\Controllers\ProjectControllers\ProjectInvestmentController.cs:line 48
   at Microsoft.AspNetCore.Mvc.Infrastructure.ActionMethodExecutor.TaskOfIActionResultExecutor.Execute(ActionContext actionContext, IActionResultTypeMapper mapper, ObjectMethodExecutor executor, Object controller, Object[] arguments)
   at Microsoft.AspNetCore.Mvc.Infrastructure.ControllerActionInvoker.<InvokeActionMethodAsync>g__Awaited|12_0(ControllerActionInvoker invoker, ValueTask`1 actionResultValueTask)
   at Microsoft.AspNetCore.Mvc.Infrastructure.ControllerActionInvoker.<InvokeNextActionFilterAsync>g__Awaited|10_0(ControllerActionInvoker invoker, Task lastTask, State next, Scope scope, Object state, Boolean isCompleted)
   at Microsoft.AspNetCore.Mvc.Infrastructure.ControllerActionInvoker.Rethrow(ActionExecutedContextSealed context)
   at Microsoft.AspNetCore.Mvc.Infrastructure.ControllerActionInvoker.Next(State& next, Scope& scope, Object& state, Boolean& isCompleted)
   at Microsoft.AspNetCore.Mvc.Infrastructure.ControllerActionInvoker.<InvokeInnerFilterAsync>g__Awaited|13_0(ControllerActionInvoker invoker, Task lastTask, State next, Scope scope, Object state, Boolean isCompleted)
   at Microsoft.AspNetCore.Mvc.Infrastructure.ResourceInvoker.<InvokeFilterPipelineAsync>g__Awaited|20_0(ResourceInvoker invoker, Task lastTask, State next, Scope scope, Object state, Boolean isCompleted)
   at Microsoft.AspNetCore.Mvc.Infrastructure.ResourceInvoker.<InvokeAsync>g__Awaited|17_0(ResourceInvoker invoker, Task task, IDisposable scope)
   at Microsoft.AspNetCore.Mvc.Infrastructure.ResourceInvoker.<InvokeAsync>g__Awaited|17_0(ResourceInvoker invoker, Task task, IDisposable scope)
   at Microsoft.AspNetCore.Routing.EndpointMiddleware.<Invoke>g__AwaitRequestTask|6_0(Endpoint endpoint, Task requestTask, ILogger logger)
   at Microsoft.AspNetCore.Authorization.AuthorizationMiddleware.Invoke(HttpContext context)
   at Innoplatform.Api.Middlewares.ExceptionHandlerMiddleWare.Invoke(HttpContext context) in C:\Users\sardorbek\Desktop\Hackaton\Innoplatform\src\Innoplatform.Api\Middlewares\ExceptionHandlerMiddleWare.cs:line 21




2023-12-24 06:27:46.862 +05:00 [Error] [Microsoft.EntityFrameworkCore.Database.Command] [{ Id: 20102, Name: "Microsoft.EntityFrameworkCore.Database.Command.CommandError" }] Failed executing DbCommand ("25,644"ms) [Parameters=["@__dto_UserId_0='?' (DbType = Int64)"], CommandType='Text', CommandTimeout='30']"
""SELECT u.\"Id\", u.\"AccountBalance\", u.\"Address\", u.\"CreatedAt\", u.\"DateOfBirth\", u.\"Email\", u.\"FirstName\", u.\"Image\", u.\"IsDeleted\", u.\"LastName\", u.\"Password\", u.\"PhoneNumber\", u.\"Role\", u.\"Salt\", u.\"UpdatedAt\"
FROM \"Users\" AS u
WHERE NOT (u.\"IsDeleted\") AND u.\"Id\" = @__dto_UserId_0
LIMIT 1"


2023-12-24 06:27:46.870 +05:00 [Error] [Microsoft.EntityFrameworkCore.Query] [{ Id: 10100, Name: "Microsoft.EntityFrameworkCore.Query.QueryIterationFailed" }] An exception occurred while iterating over the results of a query for context type '"Innoplatform.Data.DbContexts.AppDbContext"'."
""System.InvalidOperationException: An exception has been raised that is likely due to a transient failure.
 ---> Npgsql.NpgsqlException (0x80004005): Exception while reading from stream
 ---> System.IO.IOException: Unable to read data from the transport connection: An existing connection was forcibly closed by the remote host..
 ---> System.Net.Sockets.SocketException (10054): An existing connection was forcibly closed by the remote host.
   at System.Net.Sockets.Socket.AwaitableSocketAsyncEventArgs.CreateException(SocketError error, Boolean forAsyncThrow)
   at System.Net.Sockets.Socket.AwaitableSocketAsyncEventArgs.ReceiveAsync(Socket socket, CancellationToken cancellationToken)
   at System.Net.Sockets.NetworkStream.ReadAsync(Memory`1 buffer, CancellationToken cancellationToken)
   at Npgsql.Internal.NpgsqlReadBuffer.<Ensure>g__EnsureLong|42_0(NpgsqlReadBuffer buffer, Int32 count, Boolean async, Boolean readingNotifications)
   at System.Threading.ExecutionContext.RunInternal(ExecutionContext executionContext, ContextCallback callback, Object state)
   at System.Runtime.CompilerServices.AsyncTaskMethodBuilder`1.AsyncStateMachineBox`1.MoveNext(Thread threadPoolThread)
   at System.Net.Sockets.Socket.AwaitableSocketAsyncEventArgs.InvokeContinuation(Action`1 continuation, Object state, Boolean forceAsync, Boolean requiresExecutionContextFlow)
   at System.Net.Sockets.Socket.AwaitableSocketAsyncEventArgs.OnCompleted(SocketAsyncEventArgs _)
   at System.Net.Sockets.SocketAsyncEventArgs.<>c.<.cctor>b__176_0(UInt32 errorCode, UInt32 numBytes, NativeOverlapped* nativeOverlapped)
   at System.Threading.ThreadPoolTypedWorkItemQueue`2.System.Threading.IThreadPoolWorkItem.Execute()
   at System.Threading.ThreadPoolWorkQueue.Dispatch()
   at System.Threading.PortableThreadPool.WorkerThread.WorkerThreadStart()
--- End of stack trace from previous location ---

   --- End of inner exception stack trace ---
   at Npgsql.Internal.NpgsqlReadBuffer.<Ensure>g__EnsureLong|42_0(NpgsqlReadBuffer buffer, Int32 count, Boolean async, Boolean readingNotifications)
   at Npgsql.Internal.NpgsqlConnector.<ReadMessage>g__ReadMessageLong|234_0(NpgsqlConnector connector, Boolean async, DataRowLoadingMode dataRowLoadingMode, Boolean readingNotifications, Boolean isReadingPrependedMessage)
   at Npgsql.NpgsqlDataReader.NextResult(Boolean async, Boolean isConsuming, CancellationToken cancellationToken)
   at Npgsql.NpgsqlDataReader.NextResult(Boolean async, Boolean isConsuming, CancellationToken cancellationToken)
   at Npgsql.NpgsqlCommand.ExecuteReader(CommandBehavior behavior, Boolean async, CancellationToken cancellationToken)
   at Npgsql.NpgsqlCommand.ExecuteReader(CommandBehavior behavior, Boolean async, CancellationToken cancellationToken)
   at Npgsql.NpgsqlCommand.ExecuteDbDataReaderAsync(CommandBehavior behavior, CancellationToken cancellationToken)
   at Microsoft.EntityFrameworkCore.Storage.RelationalCommand.ExecuteReaderAsync(RelationalCommandParameterObject parameterObject, CancellationToken cancellationToken)
   at Microsoft.EntityFrameworkCore.Storage.RelationalCommand.ExecuteReaderAsync(RelationalCommandParameterObject parameterObject, CancellationToken cancellationToken)
   at Microsoft.EntityFrameworkCore.Query.Internal.SingleQueryingEnumerable`1.AsyncEnumerator.InitializeReaderAsync(AsyncEnumerator enumerator, CancellationToken cancellationToken)
   at Npgsql.EntityFrameworkCore.PostgreSQL.Storage.Internal.NpgsqlExecutionStrategy.ExecuteAsync[TState,TResult](TState state, Func`4 operation, Func`4 verifySucceeded, CancellationToken cancellationToken)
   --- End of inner exception stack trace ---
   at Npgsql.EntityFrameworkCore.PostgreSQL.Storage.Internal.NpgsqlExecutionStrategy.ExecuteAsync[TState,TResult](TState state, Func`4 operation, Func`4 verifySucceeded, CancellationToken cancellationToken)
   at Microsoft.EntityFrameworkCore.Query.Internal.SingleQueryingEnumerable`1.AsyncEnumerator.MoveNextAsync()"
System.InvalidOperationException: An exception has been raised that is likely due to a transient failure.
 ---> Npgsql.NpgsqlException (0x80004005): Exception while reading from stream
 ---> System.IO.IOException: Unable to read data from the transport connection: An existing connection was forcibly closed by the remote host..
 ---> System.Net.Sockets.SocketException (10054): An existing connection was forcibly closed by the remote host.
   at System.Net.Sockets.Socket.AwaitableSocketAsyncEventArgs.CreateException(SocketError error, Boolean forAsyncThrow)
   at System.Net.Sockets.Socket.AwaitableSocketAsyncEventArgs.ReceiveAsync(Socket socket, CancellationToken cancellationToken)
   at System.Net.Sockets.NetworkStream.ReadAsync(Memory`1 buffer, CancellationToken cancellationToken)
   at Npgsql.Internal.NpgsqlReadBuffer.<Ensure>g__EnsureLong|42_0(NpgsqlReadBuffer buffer, Int32 count, Boolean async, Boolean readingNotifications)
   at System.Threading.ExecutionContext.RunInternal(ExecutionContext executionContext, ContextCallback callback, Object state)
   at System.Runtime.CompilerServices.AsyncTaskMethodBuilder`1.AsyncStateMachineBox`1.MoveNext(Thread threadPoolThread)
   at System.Net.Sockets.Socket.AwaitableSocketAsyncEventArgs.InvokeContinuation(Action`1 continuation, Object state, Boolean forceAsync, Boolean requiresExecutionContextFlow)
   at System.Net.Sockets.Socket.AwaitableSocketAsyncEventArgs.OnCompleted(SocketAsyncEventArgs _)
   at System.Net.Sockets.SocketAsyncEventArgs.<>c.<.cctor>b__176_0(UInt32 errorCode, UInt32 numBytes, NativeOverlapped* nativeOverlapped)
   at System.Threading.ThreadPoolTypedWorkItemQueue`2.System.Threading.IThreadPoolWorkItem.Execute()
   at System.Threading.ThreadPoolWorkQueue.Dispatch()
   at System.Threading.PortableThreadPool.WorkerThread.WorkerThreadStart()
--- End of stack trace from previous location ---

   --- End of inner exception stack trace ---
   at Npgsql.Internal.NpgsqlReadBuffer.<Ensure>g__EnsureLong|42_0(NpgsqlReadBuffer buffer, Int32 count, Boolean async, Boolean readingNotifications)
   at Npgsql.Internal.NpgsqlConnector.<ReadMessage>g__ReadMessageLong|234_0(NpgsqlConnector connector, Boolean async, DataRowLoadingMode dataRowLoadingMode, Boolean readingNotifications, Boolean isReadingPrependedMessage)
   at Npgsql.NpgsqlDataReader.NextResult(Boolean async, Boolean isConsuming, CancellationToken cancellationToken)
   at Npgsql.NpgsqlDataReader.NextResult(Boolean async, Boolean isConsuming, CancellationToken cancellationToken)
   at Npgsql.NpgsqlCommand.ExecuteReader(CommandBehavior behavior, Boolean async, CancellationToken cancellationToken)
   at Npgsql.NpgsqlCommand.ExecuteReader(CommandBehavior behavior, Boolean async, CancellationToken cancellationToken)
   at Npgsql.NpgsqlCommand.ExecuteDbDataReaderAsync(CommandBehavior behavior, CancellationToken cancellationToken)
   at Microsoft.EntityFrameworkCore.Storage.RelationalCommand.ExecuteReaderAsync(RelationalCommandParameterObject parameterObject, CancellationToken cancellationToken)
   at Microsoft.EntityFrameworkCore.Storage.RelationalCommand.ExecuteReaderAsync(RelationalCommandParameterObject parameterObject, CancellationToken cancellationToken)
   at Microsoft.EntityFrameworkCore.Query.Internal.SingleQueryingEnumerable`1.AsyncEnumerator.InitializeReaderAsync(AsyncEnumerator enumerator, CancellationToken cancellationToken)
   at Npgsql.EntityFrameworkCore.PostgreSQL.Storage.Internal.NpgsqlExecutionStrategy.ExecuteAsync[TState,TResult](TState state, Func`4 operation, Func`4 verifySucceeded, CancellationToken cancellationToken)
   --- End of inner exception stack trace ---
   at Npgsql.EntityFrameworkCore.PostgreSQL.Storage.Internal.NpgsqlExecutionStrategy.ExecuteAsync[TState,TResult](TState state, Func`4 operation, Func`4 verifySucceeded, CancellationToken cancellationToken)
   at Microsoft.EntityFrameworkCore.Query.Internal.SingleQueryingEnumerable`1.AsyncEnumerator.MoveNextAsync()


