2023-12-23 16:19:49.761 +05:00 [Error] [Innoplatform.Api.Middlewares.ExceptionHandlerMiddleWare] [] AutoMapper.AutoMapperMappingException: Error mapping types.

Mapping types:
RecommendationAsset -> RecommendationAssetForResultDto
Innoplatform.Domain.Entities.Recommendations.RecommendationAsset -> Innoplatform.Service.DTOs.RecommendationAsset.RecommendationAssetForResultDto

Type Map configuration:
RecommendationAsset -> RecommendationAssetForResultDto
Innoplatform.Domain.Entities.Recommendations.RecommendationAsset -> Innoplatform.Service.DTOs.RecommendationAsset.RecommendationAssetForResultDto

Destination Member:
Media

 ---> AutoMapper.AutoMapperMappingException: Missing type map configuration or unsupported mapping.

Mapping types:
String -> IFormFile
System.String -> Microsoft.AspNetCore.Http.IFormFile

Destination Member:
Media

   at lambda_method246(Closure, String, IFormFile, ResolutionContext)
   at lambda_method245(Closure, Object, RecommendationAssetForResultDto, ResolutionContext)
   --- End of inner exception stack trace ---
   at lambda_method245(Closure, Object, RecommendationAssetForResultDto, ResolutionContext)
   at Innoplatform.Service.Services.RecommendationServices.RecommendationAssetService.AddAsync(RecommendationAssetForCreationDto dto) in C:\Users\sardorbek\Desktop\Hackaton\Innoplatform\src\Innoplatform.Service\Services\RecommendationServices\RecommendationAssetService.cs:line 63
   at Innoplatform.Api.Controllers.RecommendationControllers.RecommendationAssetsController.AddAsync(RecommendationAssetForCreationDto dto) in C:\Users\sardorbek\Desktop\Hackaton\Innoplatform\src\Innoplatform.Api\Controllers\RecommendationControllers\RecommendationAssetsController.cs:line 45
   at Microsoft.AspNetCore.Mvc.Infrastructure.ActionMethodExecutor.TaskOfIActionResultExecutor.Execute(ActionContext actionContext, IActionResultTypeMapper mapper, ObjectMethodExecutor executor, Object controller, Object[] arguments)
   at Microsoft.AspNetCore.Mvc.Infrastructure.ControllerActionInvoker.<InvokeActionMethodAsync>g__Awaited|12_0(ControllerActionInvoker invoker, ValueTask`1 actionResultValueTask)
   at Microsoft.AspNetCore.Mvc.Infrastructure.ControllerActionInvoker.<InvokeNextActionFilterAsync>g__Awaited|10_0(ControllerActionInvoker invoker, Task lastTask, State next, Scope scope, Object state, Boolean isCompleted)
   at Microsoft.AspNetCore.Mvc.Infrastructure.ControllerActionInvoker.Rethrow(ActionExecutedContextSealed context)
   at Microsoft.AspNetCore.Mvc.Infrastructure.ControllerActionInvoker.Next(State& next, Scope& scope, Object& state, Boolean& isCompleted)
   at Microsoft.AspNetCore.Mvc.Infrastructure.ControllerActionInvoker.<InvokeInnerFilterAsync>g__Awaited|13_0(ControllerActionInvoker invoker, Task lastTask, State next, Scope scope, Object state, Boolean isCompleted)
   at Microsoft.AspNetCore.Mvc.Infrastructure.ResourceInvoker.<InvokeFilterPipelineAsync>g__Awaited|20_0(ResourceInvoker invoker, Task lastTask, State next, Scope scope, Object state, Boolean isCompleted)
   at Microsoft.AspNetCore.Mvc.Infrastructure.ResourceInvoker.<InvokeAsync>g__Awaited|17_0(ResourceInvoker invoker, Task task, IDisposable scope)
   at Microsoft.AspNetCore.Mvc.Infrastructure.ResourceInvoker.<InvokeAsync>g__Awaited|17_0(ResourceInvoker invoker, Task task, IDisposable scope)
   at Microsoft.AspNetCore.Routing.EndpointMiddleware.<Invoke>g__AwaitRequestTask|6_0(Endpoint endpoint, Task requestTask, ILogger logger)
   at Microsoft.AspNetCore.Authorization.AuthorizationMiddleware.Invoke(HttpContext context)
   at Innoplatform.Api.Middlewares.ExceptionHandlerMiddleWare.Invoke(HttpContext context) in C:\Users\sardorbek\Desktop\Hackaton\Innoplatform\src\Innoplatform.Api\Middlewares\ExceptionHandlerMiddleWare.cs:line 21




